 
FTP Connection 6/19/2011 02:19
GSiteCrawler v1.23 rev. 286
----------------------------------------
Connecting to www.autotribali.com...
Connect to www.autotribali.com:21 with user tribali
Connected.
220---------- Welcome to Pure-FTPd [privsep] [TLS] ----------
220-You are user number 5 of 50 allowed.
220-Local time is now 19:19. Server port: 21.
220 You will be disconnected after 15 minutes of inactivity.
331 User tribali OK. Password required
230 OK. Current restricted directory is /
Password ok
*** CONNECTION OK ***
257 "/" is your current location
Checking Remote Directory /www ...
250 OK. Current directory is /www
Directory exists
250 OK. Current directory is /
250 OK. Current directory is /www
Putting C:\Program Files\SOFTplus\GSiteCrawler\Projects\autotribali.com\sitemap.xml.gz ...
200 TYPE is now 8-bit binary
227 Entering Passive Mode (174,132,79,219,245,133)
150 Accepted data connection
226-File successfully transferred
226 0.495 seconds (measured here), 5.01 Kbytes per second
Putting \gss.xsl ...
227 Entering Passive Mode (174,132,79,219,147,33)
150 Accepted data connection
226-File successfully transferred
226 0.495 seconds (measured here), 16.15 bytes per second
221-Goodbye. You uploaded 3 and downloaded 0 kbytes.
221 Logout.
Connection Closed.
ERROR!: Receive or Send method failed. The socket is not connected.
